### 2021-07-21  19:42:13

 Sr3PbO    
   P  lattice
 Symmorphic crystal with inversion symmetry
 Complex eigenfunctions
 Spin-orbit eigenfunctions (->time inversion)
 No spin-polarization


 Transformations:
 Direct lattice vectors in Cartesian coord. system (BR2)
         pa:             pb:             pc: 
      5.21442400      0.00000000      0.00000000
      0.00000000      5.21442400      0.00000000
      0.00000000      0.00000000      5.21442400

 Recipiical lattice vectors in Cartesian coord. system (BR4)
      0.19177574      0.00000000      0.00000000
      0.00000000      0.19177574      0.00000000
      0.00000000      0.00000000      0.19177574

 

SYMMETRY OPERATIONS Pi={Ri|taui+tm}
  Ri     taui   inv(Ri) Ri(Cartesian coord)  Eulers angles  spin transf.

 1 0 0   0.000   1 0 0   1.000 0.000 0.000   0.000
 0 1 0   0.000   0 1 0   0.000 1.000 0.000   0.000  ( 1.000 0.000)( 0.000 0.000)
 0 0 1   0.000   0 0 1   0.000 0.000 1.000   0.000  (-0.000 0.000)( 1.000-0.000)
   1 (E)
unity op.   
rotation through ( 1.000, 0.000, 0.000)
 
-1 0 0   0.000  -1 0 0  -1.000 0.000 0.000   0.000
 0-1 0   0.000   0-1 0   0.000-1.000 0.000   0.000  ( 1.000 0.000)( 0.000 0.000)
 0 0-1   0.000   0 0-1   0.000 0.000-1.000   0.000  (-0.000 0.000)( 1.000-0.000)
   2 (I)
inverse op. 
rotation through ( 1.000, 0.000, 0.000)
 

********************************************************************************


knum =  1    kname= 
k = 0.000000 0.000000 0.000000

       The point group is Ci 
       2 symmetry operations in  2 classes
       Table  6   on page  32 in Koster  et al [7]
       Table 11.4 on page 138 in Altmann et al [8]

                   E     I                                                              
       G1+   A1g   1     1  
       G1-   A1u   1    -1  
       --------------------
       G2+   A1/2g 1     1  
       G2-   A1/2u 1    -1  


class, symmetry ops, exp(-i*k*taui)
   E    1             (+1.00 0.00i)
   I    2             (+1.00 0.00i)

bnd ndg  eigval     E           I   
  1  2-31.876364 2.00+0.00i  2.00+0.00i =G2+ + G2+ 
  3  4-31.775683 4.00+0.00i  4.00+0.00i =G2+ + G2+ + G2+ + G2+ 
  7  4-14.764731 4.00+0.00i -4.00-0.00i =G2- + G2- + G2- + G2- 
 11  2-14.453749 2.00-0.00i -2.00-0.00i =G2- + G2- 
 13  2-14.057485 2.00+0.00i  2.00+0.00i =G2+ + G2+ 
 15  2-13.799982 2.00+0.00i -2.00-0.00i =G2- + G2- 
 17  4-13.635520 4.00+0.00i -4.00+0.00i =G2- + G2- + G2- + G2- 
 21  2-13.468339 2.00-0.00i -2.00+0.00i =G2- + G2- 
 23  4-13.284263 4.00+0.00i  4.00+0.00i =G2+ + G2+ + G2+ + G2+ 
 27  4-13.270547 4.00+0.00i -4.00+0.00i =G2- + G2- + G2- + G2- 
 31  2-10.738203 2.00+0.00i  2.00+0.00i =G2+ + G2+ 
 33  4-10.732951 4.00-0.00i  4.00-0.00i =G2+ + G2+ + G2+ + G2+ 
 37  2 -4.043913 2.00+0.00i  2.00+0.00i =G2+ + G2+ 
 39  4  0.725397 4.00-0.00i -4.00+0.00i =G2- + G2- + G2- + G2- 
 43  2  0.733658 2.00+0.00i -2.00-0.00i =G2- + G2- 
 45  2  3.541707 2.00+0.00i -2.00-0.00i =G2- + G2- 
 47  4  4.136121 4.00-0.00i  4.00-0.00i =G2+ + G2+ + G2+ + G2+ 
 51  2  4.694125 2.00+0.00i  2.00+0.00i =G2+ + G2+ 
 53  4  4.713517 4.00-0.00i -4.00+0.00i =G2- + G2- + G2- + G2- 
 57  4  4.862733 4.00-0.00i  4.00-0.00i =G2+ + G2+ + G2+ + G2+ 
 61  2  4.876176 2.00+0.00i  2.00+0.00i =G2+ + G2+ 
 63  2  8.074936 2.00-0.00i  2.00-0.00i =G2+ + G2+ 
 65  4  8.142681 4.00-0.00i  4.00-0.00i =G2+ + G2+ + G2+ + G2+ 
 69  2  8.200810 2.00+0.00i  2.00+0.00i =G2+ + G2+ 
 71  4  9.732131 4.00+0.00i  4.00+0.00i =G2+ + G2+ + G2+ + G2+ 
 75  1 10.978268 1.00-0.00i  1.00-0.00i =G2+ 
 76  1 10.982185 1.00+0.00i  0.99+0.00i =G2+ 
 77  1 11.400276 1.00+0.00i -0.95-0.00i =G2- 
 78  1 11.405806 1.00-0.00i -0.89+0.00i ??
 79  1 11.478786 1.00+0.00i  0.97+0.00i =G2+ 
 80  1 11.491649 1.00-0.00i  0.97-0.00i =G2+ 
 81  1 11.512783 1.00+0.00i  0.97+0.00i =G2+ 
 82  1 11.530507 1.00-0.00i  0.80-0.00i ??
 83  1 11.565830 1.00-0.00i  0.51-0.00i ??
 84  1 11.678121 1.00-0.00i -0.19+0.00i ??

********************************************************************************


knum =  2    kname= 
k = 0.500000 0.000000 0.000000

       The point group is Ci 
       2 symmetry operations in  2 classes
       Table  6   on page  32 in Koster  et al [7]
       Table 11.4 on page 138 in Altmann et al [8]

                   E     I                                                              
       G1+   A1g   1     1  
       G1-   A1u   1    -1  
       --------------------
       G2+   A1/2g 1     1  
       G2-   A1/2u 1    -1  


class, symmetry ops, exp(-i*k*taui)
   E    1             (+1.00 0.00i)
   I    2             (+1.00 0.00i)

bnd ndg  eigval     E           I   
  1  2-31.842778 2.00-0.00i -2.00+0.00i =G2- + G2- 
  3  2-31.808320 2.00+0.00i  2.00+0.00i =G2+ + G2+ 
  5  2-31.775410 2.00+0.00i -2.00-0.00i =G2- + G2- 
  7  2-15.046829 2.00-0.00i -2.00+0.00i =G2- + G2- 
  9  2-14.754970 2.00+0.00i  2.00+0.00i =G2+ + G2+ 
 11  2-14.560418 2.00+0.00i  2.00+0.00i =G2+ + G2+ 
 13  2-14.224260 2.00+0.00i -2.00-0.00i =G2- + G2- 
 15  2-13.756056 2.00-0.00i  2.00-0.00i =G2+ + G2+ 
 17  2-13.591401 2.00+0.00i  2.00+0.00i =G2+ + G2+ 
 19  2-13.525875 2.00-0.00i -2.00+0.00i =G2- + G2- 
 21  2-13.506165 2.00+0.00i  2.00-0.00i =G2+ + G2+ 
 23  2-13.340463 2.00-0.00i  2.00-0.00i =G2+ + G2+ 
 25  2-13.253359 2.00+0.00i  2.00+0.00i =G2+ + G2+ 
 27  2-13.236377 2.00-0.00i  2.00-0.00i =G2+ + G2+ 
 29  2-12.750508 2.00-0.00i -2.00+0.00i =G2- + G2- 
 31  2-10.730580 2.00+0.00i  2.00+0.00i =G2+ + G2+ 
 33  2-10.723837 2.00+0.00i  2.00+0.00i =G2+ + G2+ 
 35  2-10.721553 2.00-0.00i  2.00-0.00i =G2+ + G2+ 
 37  2 -3.655594 2.00-0.00i  2.00+0.00i =G2+ + G2+ 
 39  2 -0.227135 2.00-0.00i  2.00-0.00i =G2+ + G2+ 
 41  2  0.607675 2.00-0.00i  2.00-0.00i =G2+ + G2+ 
 43  2  0.620135 2.00+0.00i  2.00+0.00i =G2+ + G2+ 
 45  2  1.295804 2.00+0.00i -2.00+0.00i =G2- + G2- 
 47  2  3.150397 2.00+0.00i -2.00-0.00i =G2- + G2- 
 49  2  3.695695 2.00-0.00i -2.00+0.00i =G2- + G2- 
 51  2  5.296092 2.00+0.00i -2.00-0.00i =G2- + G2- 
 53  2  5.368276 2.00-0.00i  2.00-0.00i =G2+ + G2+ 
 55  2  5.895856 2.00-0.00i  2.00-0.00i =G2+ + G2+ 
 57  2  6.466219 2.00+0.00i -2.00-0.00i =G2- + G2- 
 59  2  7.037910 2.00-0.00i  2.00-0.00i =G2+ + G2+ 
 61  2  7.359665 2.00-0.00i  2.00-0.00i =G2+ + G2+ 
 63  2  7.370398 2.00+0.00i  2.00+0.00i =G2+ + G2+ 
 65  2  7.528960 2.00-0.00i -2.00+0.00i =G2- + G2- 
 67  2  7.762090 2.00+0.00i -2.00-0.00i =G2- + G2- 
 69  2  7.854242 2.00-0.00i -2.00+0.00i =G2- + G2- 
 71  2  8.118041 2.00-0.00i -2.00+0.00i =G2- + G2- 
 73  2  9.781166 2.00+0.00i -2.00-0.00i =G2- + G2- 
 75  2  9.903986 2.00-0.00i -2.00+0.00i =G2- + G2- 
 77  2 10.244028 2.00+0.00i -2.00-0.00i =G2- + G2- 
 79  1 10.766886 1.00+0.00i  1.00+0.00i =G2+ 
 80  1 10.768000 1.00+0.00i  1.00+0.00i =G2+ 
 81  1 10.769024 1.00+0.00i  1.00+0.00i =G2+ 
 82  1 10.771108 1.00-0.00i  1.00-0.00i =G2+ 
 83  1 11.115129 1.00-0.00i  0.99-0.00i =G2+ 
 84  1 11.163181 1.00+0.00i  0.80+0.00i ??

********************************************************************************


knum =  3    kname= 
k = 0.000000 0.500000 0.000000

       The point group is Ci 
       2 symmetry operations in  2 classes
       Table  6   on page  32 in Koster  et al [7]
       Table 11.4 on page 138 in Altmann et al [8]

                   E     I                                                              
       G1+   A1g   1     1  
       G1-   A1u   1    -1  
       --------------------
       G2+   A1/2g 1     1  
       G2-   A1/2u 1    -1  


class, symmetry ops, exp(-i*k*taui)
   E    1             (+1.00 0.00i)
   I    2             (+1.00 0.00i)

bnd ndg  eigval     E           I   
  1  2-31.842778 2.00+0.00i -2.00+0.00i =G2- + G2- 
  3  2-31.808320 2.00-0.00i  2.00+0.00i =G2+ + G2+ 
  5  2-31.775410 2.00+0.00i -2.00-0.00i =G2- + G2- 
  7  2-15.046829 2.00-0.00i -2.00+0.00i =G2- + G2- 
  9  2-14.754970 2.00+0.00i  2.00+0.00i =G2+ + G2+ 
 11  2-14.560418 2.00+0.00i  2.00+0.00i =G2+ + G2+ 
 13  2-14.224260 2.00+0.00i -2.00-0.00i =G2- + G2- 
 15  2-13.756056 2.00+0.00i  2.00+0.00i =G2+ + G2+ 
 17  2-13.591401 2.00-0.00i  2.00-0.00i =G2+ + G2+ 
 19  2-13.525875 2.00+0.00i -2.00+0.00i =G2- + G2- 
 21  2-13.506165 2.00+0.00i  2.00+0.00i =G2+ + G2+ 
 23  2-13.340463 2.00-0.00i  2.00-0.00i =G2+ + G2+ 
 25  2-13.253359 2.00+0.00i  2.00+0.00i =G2+ + G2+ 
 27  2-13.236377 2.00-0.00i  2.00-0.00i =G2+ + G2+ 
 29  2-12.750508 2.00-0.00i -2.00-0.00i =G2- + G2- 
 31  2-10.730580 2.00+0.00i  2.00+0.00i =G2+ + G2+ 
 33  2-10.723837 2.00+0.00i  2.00+0.00i =G2+ + G2+ 
 35  2-10.721553 2.00-0.00i  2.00-0.00i =G2+ + G2+ 
 37  2 -3.655594 2.00+0.00i  2.00+0.00i =G2+ + G2+ 
 39  2 -0.227135 2.00+0.00i  2.00+0.00i =G2+ + G2+ 
 41  2  0.607675 2.00-0.00i  2.00-0.00i =G2+ + G2+ 
 43  2  0.620135 2.00+0.00i  2.00+0.00i =G2+ + G2+ 
 45  2  1.295803 2.00+0.00i -2.00-0.00i =G2- + G2- 
 47  2  3.150397 2.00+0.00i -2.00-0.00i =G2- + G2- 
 49  2  3.695695 2.00-0.00i -2.00+0.00i =G2- + G2- 
 51  2  5.296092 2.00-0.00i -2.00+0.00i =G2- + G2- 
 53  2  5.368276 2.00+0.00i  2.00+0.00i =G2+ + G2+ 
 55  2  5.895856 2.00-0.00i  2.00-0.00i =G2+ + G2+ 
 57  2  6.466219 2.00-0.00i -2.00+0.00i =G2- + G2- 
 59  2  7.037910 2.00+0.00i  2.00+0.00i =G2+ + G2+ 
 61  2  7.359665 2.00-0.00i  2.00-0.00i =G2+ + G2+ 
 63  2  7.370398 2.00+0.00i  2.00+0.00i =G2+ + G2+ 
 65  2  7.528960 2.00-0.00i -2.00+0.00i =G2- + G2- 
 67  2  7.762090 2.00+0.00i -2.00-0.00i =G2- + G2- 
 69  2  7.854242 2.00+0.00i -2.00-0.00i =G2- + G2- 
 71  2  8.118041 2.00+0.00i -2.00-0.00i =G2- + G2- 
 73  2  9.781138 2.00+0.00i -2.00-0.00i =G2- + G2- 
 75  2  9.903950 2.00+0.00i -2.00-0.00i =G2- + G2- 
 77  2 10.243851 2.00-0.00i -2.00+0.00i =G2- + G2- 
 79  2 10.766894 2.00+0.00i  2.00+0.00i =G2+ + G2+ 
 81  1 10.769117 1.00-0.00i  1.00-0.00i =G2+ 
 82  1 10.773916 1.00-0.00i  0.99-0.00i =G2+ 
 83  1 11.119567 1.00-0.00i  0.97-0.00i =G2+ 
 84  1 11.181151 1.00+0.00i  0.72+0.00i ??

********************************************************************************


knum =  4    kname= 
k = 0.000000 0.000000 0.500000

       The point group is Ci 
       2 symmetry operations in  2 classes
       Table  6   on page  32 in Koster  et al [7]
       Table 11.4 on page 138 in Altmann et al [8]

                   E     I                                                              
       G1+   A1g   1     1  
       G1-   A1u   1    -1  
       --------------------
       G2+   A1/2g 1     1  
       G2-   A1/2u 1    -1  


class, symmetry ops, exp(-i*k*taui)
   E    1             (+1.00 0.00i)
   I    2             (+1.00 0.00i)

bnd ndg  eigval     E           I   
  1  2-31.842778 2.00+0.00i -2.00+0.00i =G2- + G2- 
  3  2-31.808320 2.00-0.00i  2.00-0.00i =G2+ + G2+ 
  5  2-31.775410 2.00+0.00i -2.00-0.00i =G2- + G2- 
  7  2-15.046829 2.00-0.00i -2.00+0.00i =G2- + G2- 
  9  2-14.754970 2.00+0.00i  2.00+0.00i =G2+ + G2+ 
 11  2-14.560418 2.00-0.00i  2.00-0.00i =G2+ + G2+ 
 13  2-14.224260 2.00+0.00i -2.00-0.00i =G2- + G2- 
 15  2-13.756056 2.00+0.00i  2.00+0.00i =G2+ + G2+ 
 17  2-13.591401 2.00-0.00i  2.00-0.00i =G2+ + G2+ 
 19  2-13.525875 2.00-0.00i -2.00+0.00i =G2- + G2- 
 21  2-13.506165 2.00-0.00i  2.00+0.00i =G2+ + G2+ 
 23  2-13.340463 2.00+0.00i  2.00+0.00i =G2+ + G2+ 
 25  2-13.253359 2.00+0.00i  2.00+0.00i =G2+ + G2+ 
 27  2-13.236377 2.00-0.00i  2.00-0.00i =G2+ + G2+ 
 29  2-12.750508 2.00-0.00i -2.00+0.00i =G2- + G2- 
 31  2-10.730580 2.00+0.00i  2.00+0.00i =G2+ + G2+ 
 33  2-10.723837 2.00-0.00i  2.00-0.00i =G2+ + G2+ 
 35  2-10.721553 2.00-0.00i  2.00-0.00i =G2+ + G2+ 
 37  2 -3.655594 2.00+0.00i  2.00+0.00i =G2+ + G2+ 
 39  2 -0.227135 2.00-0.00i  2.00-0.00i =G2+ + G2+ 
 41  2  0.607675 2.00-0.00i  2.00-0.00i =G2+ + G2+ 
 43  2  0.620135 2.00+0.00i  2.00+0.00i =G2+ + G2+ 
 45  2  1.295803 2.00+0.00i -2.00-0.00i =G2- + G2- 
 47  2  3.150397 2.00+0.00i -2.00-0.00i =G2- + G2- 
 49  2  3.695695 2.00-0.00i -2.00+0.00i =G2- + G2- 
 51  2  5.296092 2.00+0.00i -2.00-0.00i =G2- + G2- 
 53  2  5.368276 2.00-0.00i  2.00-0.00i =G2+ + G2+ 
 55  2  5.895856 2.00+0.00i  2.00+0.00i =G2+ + G2+ 
 57  2  6.466219 2.00+0.00i -2.00-0.00i =G2- + G2- 
 59  2  7.037910 2.00+0.00i  2.00+0.00i =G2+ + G2+ 
 61  2  7.359665 2.00-0.00i  2.00-0.00i =G2+ + G2+ 
 63  2  7.370398 2.00+0.00i  2.00+0.00i =G2+ + G2+ 
 65  2  7.528960 2.00-0.00i -2.00+0.00i =G2- + G2- 
 67  2  7.762090 2.00-0.00i -2.00+0.00i =G2- + G2- 
 69  2  7.854243 2.00+0.00i -2.00-0.00i =G2- + G2- 
 71  2  8.118042 2.00-0.00i -2.00+0.00i =G2- + G2- 
 73  2  9.781142 2.00-0.00i -2.00+0.00i =G2- + G2- 
 75  2  9.903959 2.00-0.00i -2.00+0.00i =G2- + G2- 
 77  2 10.243864 2.00+0.00i -2.00-0.00i =G2- + G2- 
 79  1 10.767131 1.00+0.00i  1.00+0.00i =G2+ 
 80  1 10.768287 1.00+0.00i  1.00+0.00i =G2+ 
 81  1 10.770630 1.00-0.00i  1.00-0.00i =G2+ 
 82  1 10.772627 1.00-0.00i  1.00-0.00i =G2+ 
 83  1 11.120771 1.00+0.00i  0.97+0.00i =G2+ 
 84  1 11.343188 1.00-0.00i -0.10-0.00i ??

********************************************************************************


knum =  5    kname= 
k = 0.500000 0.500000 0.000000

       The point group is Ci 
       2 symmetry operations in  2 classes
       Table  6   on page  32 in Koster  et al [7]
       Table 11.4 on page 138 in Altmann et al [8]

                   E     I                                                              
       G1+   A1g   1     1  
       G1-   A1u   1    -1  
       --------------------
       G2+   A1/2g 1     1  
       G2-   A1/2u 1    -1  


class, symmetry ops, exp(-i*k*taui)
   E    1             (+1.00 0.00i)
   I    2             (+1.00 0.00i)

bnd ndg  eigval     E           I   
  1  2-31.808993 2.00+0.00i  2.00+0.00i =G2+ + G2+ 
  3  4-31.807956 4.00-0.00i -4.00+0.00i =G2- + G2- + G2- + G2- 
  7  2-15.425899 2.00-0.00i  2.00-0.00i =G2+ + G2+ 
  9  2-14.668838 2.00+0.00i  2.00-0.00i =G2+ + G2+ 
 11  2-14.648466 2.00+0.00i -2.00-0.00i =G2- + G2- 
 13  2-14.175870 2.00+0.00i  2.00+0.00i =G2+ + G2+ 
 15  2-13.693186 2.00+0.00i  2.00+0.00i =G2+ + G2+ 
 17  4-13.542912 4.00-0.00i -4.00+0.00i =G2- + G2- + G2- + G2- 
 21  2-13.396149 2.00-0.00i  2.00-0.00i =G2+ + G2+ 
 23  2-13.351516 2.00-0.00i  2.00-0.00i =G2+ + G2+ 
 25  2-13.275804 2.00+0.00i  2.00+0.00i =G2+ + G2+ 
 27  2-13.229166 2.00-0.00i  2.00-0.00i =G2+ + G2+ 
 29  2-12.408091 2.00+0.00i  2.00+0.00i =G2+ + G2+ 
 31  2-10.731753 2.00+0.00i  2.00+0.00i =G2+ + G2+ 
 33  2-10.721955 2.00+0.00i  2.00+0.00i =G2+ + G2+ 
 35  2-10.718017 2.00-0.00i  2.00-0.00i =G2+ + G2+ 
 37  2 -3.507979 2.00-0.00i  2.00-0.00i =G2+ + G2+ 
 39  2 -0.447739 2.00-0.00i -2.00+0.00i =G2- + G2- 
 41  2 -0.435475 2.00+0.00i -2.00-0.00i =G2- + G2- 
 43  2  0.486713 2.00-0.00i -2.00+0.00i =G2- + G2- 
 45  2  1.966694 2.00-0.00i -2.00-0.00i =G2- + G2- 
 47  2  2.429769 2.00-0.00i -2.00+0.00i =G2- + G2- 
 49  2  3.237254 2.00+0.00i -2.00-0.00i =G2- + G2- 
 51  2  5.746932 2.00-0.00i  2.00-0.00i =G2+ + G2+ 
 53  2  6.314165 2.00-0.00i -2.00+0.00i =G2- + G2- 
 55  2  6.342762 2.00+0.00i -2.00-0.00i =G2- + G2- 
 57  2  6.420873 2.00-0.00i  2.00-0.00i =G2+ + G2+ 
 59  2  6.422018 2.00+0.00i  2.00+0.00i =G2+ + G2+ 
 61  2  6.988932 2.00+0.00i -2.00-0.00i =G2- + G2- 
 63  2  7.392437 2.00+0.00i  2.00+0.00i =G2+ + G2+ 
 65  2  7.889045 2.00-0.00i  2.00-0.00i =G2+ + G2+ 
 67  2  7.928281 2.00+0.00i  2.00+0.00i =G2+ + G2+ 
 69  2  9.009388 2.00-0.00i -2.00+0.00i =G2- + G2- 
 71  2  9.049147 2.00+0.00i -2.00-0.00i =G2- + G2- 
 73  2  9.078547 2.00+0.00i  2.00+0.00i =G2+ + G2+ 
 75  2  9.529262 2.00+0.00i -2.00-0.00i =G2- + G2- 
 77  2  9.963791 2.00+0.00i -2.00-0.00i =G2- + G2- 
 79  2 10.450431 2.00-0.00i -2.00+0.00i =G2- + G2- 
 81  2 11.024429 2.00-0.00i -2.00+0.00i =G2- + G2- 
 83  2 11.329424 2.00-0.00i -2.00+0.00i =G2- + G2- 

********************************************************************************


knum =  6    kname= 
k = 0.500000 0.000000 0.500000

       The point group is Ci 
       2 symmetry operations in  2 classes
       Table  6   on page  32 in Koster  et al [7]
       Table 11.4 on page 138 in Altmann et al [8]

                   E     I                                                              
       G1+   A1g   1     1  
       G1-   A1u   1    -1  
       --------------------
       G2+   A1/2g 1     1  
       G2-   A1/2u 1    -1  


class, symmetry ops, exp(-i*k*taui)
   E    1             (+1.00 0.00i)
   I    2             (+1.00 0.00i)

bnd ndg  eigval     E           I   
  1  2-31.808993 2.00+0.00i  2.00+0.00i =G2+ + G2+ 
  3  4-31.807956 4.00-0.00i -4.00+0.00i =G2- + G2- + G2- + G2- 
  7  2-15.425899 2.00-0.00i  2.00-0.00i =G2+ + G2+ 
  9  2-14.668838 2.00-0.00i  2.00-0.00i =G2+ + G2+ 
 11  2-14.648466 2.00+0.00i -2.00-0.00i =G2- + G2- 
 13  2-14.175870 2.00+0.00i  2.00+0.00i =G2+ + G2+ 
 15  2-13.693186 2.00+0.00i  2.00+0.00i =G2+ + G2+ 
 17  4-13.542912 4.00-0.00i -4.00+0.00i =G2- + G2- + G2- + G2- 
 21  2-13.396149 2.00-0.00i  2.00-0.00i =G2+ + G2+ 
 23  2-13.351516 2.00-0.00i  2.00+0.00i =G2+ + G2+ 
 25  2-13.275804 2.00+0.00i  2.00+0.00i =G2+ + G2+ 
 27  2-13.229166 2.00-0.00i  2.00-0.00i =G2+ + G2+ 
 29  2-12.408091 2.00-0.00i  2.00-0.00i =G2+ + G2+ 
 31  2-10.731753 2.00+0.00i  2.00+0.00i =G2+ + G2+ 
 33  2-10.721955 2.00+0.00i  2.00+0.00i =G2+ + G2+ 
 35  2-10.718017 2.00-0.00i  2.00-0.00i =G2+ + G2+ 
 37  2 -3.507979 2.00+0.00i  2.00+0.00i =G2+ + G2+ 
 39  2 -0.447739 2.00-0.00i -2.00+0.00i =G2- + G2- 
 41  2 -0.435475 2.00+0.00i -2.00-0.00i =G2- + G2- 
 43  2  0.486713 2.00-0.00i -2.00+0.00i =G2- + G2- 
 45  2  1.966694 2.00-0.00i -2.00+0.00i =G2- + G2- 
 47  2  2.429769 2.00+0.00i -2.00-0.00i =G2- + G2- 
 49  2  3.237254 2.00-0.00i -2.00+0.00i =G2- + G2- 
 51  2  5.746932 2.00-0.00i  2.00-0.00i =G2+ + G2+ 
 53  2  6.314165 2.00-0.00i -2.00+0.00i =G2- + G2- 
 55  2  6.342762 2.00+0.00i -2.00-0.00i =G2- + G2- 
 57  2  6.420873 2.00-0.00i  2.00-0.00i =G2+ + G2+ 
 59  2  6.422018 2.00+0.00i  2.00+0.00i =G2+ + G2+ 
 61  2  6.988932 2.00+0.00i -2.00-0.00i =G2- + G2- 
 63  2  7.392437 2.00-0.00i  2.00-0.00i =G2+ + G2+ 
 65  2  7.889044 2.00-0.00i  2.00-0.00i =G2+ + G2+ 
 67  2  7.928281 2.00+0.00i  2.00+0.00i =G2+ + G2+ 
 69  2  9.009388 2.00+0.00i -2.00-0.00i =G2- + G2- 
 71  2  9.049146 2.00+0.00i -2.00+0.00i =G2- + G2- 
 73  2  9.078546 2.00+0.00i  2.00+0.00i =G2+ + G2+ 
 75  2  9.529262 2.00-0.00i -2.00+0.00i =G2- + G2- 
 77  2  9.963792 2.00+0.00i -2.00-0.00i =G2- + G2- 
 79  2 10.450431 2.00+0.00i -2.00-0.00i =G2- + G2- 
 81  2 11.024464 2.00+0.00i -2.00-0.00i =G2- + G2- 
 83  2 11.329418 2.00-0.00i -2.00+0.00i =G2- + G2- 

********************************************************************************


knum =  7    kname= 
k = 0.000000 0.500000 0.500000

       The point group is Ci 
       2 symmetry operations in  2 classes
       Table  6   on page  32 in Koster  et al [7]
       Table 11.4 on page 138 in Altmann et al [8]

                   E     I                                                              
       G1+   A1g   1     1  
       G1-   A1u   1    -1  
       --------------------
       G2+   A1/2g 1     1  
       G2-   A1/2u 1    -1  


class, symmetry ops, exp(-i*k*taui)
   E    1             (+1.00 0.00i)
   I    2             (+1.00 0.00i)

bnd ndg  eigval     E           I   
  1  2-31.808993 2.00-0.00i  2.00-0.00i =G2+ + G2+ 
  3  4-31.807956 4.00+0.00i -4.00-0.00i =G2- + G2- + G2- + G2- 
  7  2-15.425899 2.00+0.00i  2.00+0.00i =G2+ + G2+ 
  9  2-14.668838 2.00+0.00i  2.00+0.00i =G2+ + G2+ 
 11  2-14.648466 2.00+0.00i -2.00-0.00i =G2- + G2- 
 13  2-14.175870 2.00+0.00i  2.00-0.00i =G2+ + G2+ 
 15  2-13.693186 2.00-0.00i  2.00-0.00i =G2+ + G2+ 
 17  4-13.542912 4.00-0.00i -4.00+0.00i =G2- + G2- + G2- + G2- 
 21  2-13.396149 2.00-0.00i  2.00+0.00i =G2+ + G2+ 
 23  2-13.351516 2.00+0.00i  2.00-0.00i =G2+ + G2+ 
 25  2-13.275804 2.00+0.00i  2.00+0.00i =G2+ + G2+ 
 27  2-13.229166 2.00-0.00i  2.00-0.00i =G2+ + G2+ 
 29  2-12.408091 2.00-0.00i  2.00-0.00i =G2+ + G2+ 
 31  2-10.731753 2.00+0.00i  2.00+0.00i =G2+ + G2+ 
 33  2-10.721955 2.00+0.00i  2.00+0.00i =G2+ + G2+ 
 35  2-10.718017 2.00-0.00i  2.00-0.00i =G2+ + G2+ 
 37  2 -3.507979 2.00-0.00i  2.00-0.00i =G2+ + G2+ 
 39  2 -0.447739 2.00-0.00i -2.00+0.00i =G2- + G2- 
 41  2 -0.435475 2.00+0.00i -2.00-0.00i =G2- + G2- 
 43  2  0.486713 2.00-0.00i -2.00+0.00i =G2- + G2- 
 45  2  1.966694 2.00-0.00i -2.00+0.00i =G2- + G2- 
 47  2  2.429769 2.00+0.00i -2.00-0.00i =G2- + G2- 
 49  2  3.237254 2.00+0.00i -2.00-0.00i =G2- + G2- 
 51  2  5.746932 2.00+0.00i  2.00+0.00i =G2+ + G2+ 
 53  2  6.314166 2.00-0.00i -2.00+0.00i =G2- + G2- 
 55  2  6.342762 2.00+0.00i -2.00-0.00i =G2- + G2- 
 57  2  6.420873 2.00-0.00i  2.00-0.00i =G2+ + G2+ 
 59  2  6.422018 2.00+0.00i  2.00+0.00i =G2+ + G2+ 
 61  2  6.988932 2.00-0.00i -2.00+0.00i =G2- + G2- 
 63  2  7.392437 2.00-0.00i  2.00-0.00i =G2+ + G2+ 
 65  2  7.889044 2.00-0.00i  2.00-0.00i =G2+ + G2+ 
 67  2  7.928281 2.00+0.00i  2.00+0.00i =G2+ + G2+ 
 69  2  9.009388 2.00-0.00i -2.00+0.00i =G2- + G2- 
 71  2  9.049148 2.00+0.00i -2.00-0.00i =G2- + G2- 
 73  2  9.078547 2.00+0.00i  2.00+0.00i =G2+ + G2+ 
 75  2  9.529262 2.00-0.00i -2.00+0.00i =G2- + G2- 
 77  2  9.963796 2.00+0.00i -2.00-0.00i =G2- + G2- 
 79  2 10.450434 2.00+0.00i -2.00-0.00i =G2- + G2- 
 81  2 11.024479 2.00-0.00i -2.00+0.00i =G2- + G2- 
 83  2 11.329368 2.00-0.00i -2.00+0.00i =G2- + G2- 

********************************************************************************


knum =  8    kname= 
k = 0.500000 0.500000 0.500000

       The point group is Ci 
       2 symmetry operations in  2 classes
       Table  6   on page  32 in Koster  et al [7]
       Table 11.4 on page 138 in Altmann et al [8]

                   E     I                                                              
       G1+   A1g   1     1  
       G1-   A1u   1    -1  
       --------------------
       G2+   A1/2g 1     1  
       G2-   A1/2u 1    -1  


class, symmetry ops, exp(-i*k*taui)
   E    1             (+1.00 0.00i)
   I    2             (+1.00 0.00i)

bnd ndg  eigval     E           I   
  1  6-31.807660 6.00+0.00i  6.00+0.00i ??
  7  2-15.746433 2.00-0.00i -2.00+0.00i =G2- + G2- 
  9  4-14.679259 4.00+0.00i -4.00-0.00i =G2- + G2- + G2- + G2- 
 13  2-14.059867 2.00-0.00i -2.00+0.00i =G2- + G2- 
 15  2-13.781448 2.00+0.00i -2.00-0.00i =G2- + G2- 
 17  4-13.466259 4.00+0.00i -4.00-0.00i =G2- + G2- + G2- + G2- 
 21  4-13.282138 4.00+0.00i  4.00+0.00i =G2+ + G2+ + G2+ + G2+ 
 25  4-13.265644 4.00-0.00i -4.00+0.00i =G2- + G2- + G2- + G2- 
 29  2-12.151948 2.00+0.00i -2.00+0.00i =G2- + G2- 
 31  2-10.740246 2.00+0.00i  2.00+0.00i =G2+ + G2+ 
 33  4-10.726117 4.00-0.00i  4.00-0.00i =G2+ + G2+ + G2+ + G2+ 
 37  2 -3.612158 2.00-0.00i  2.00-0.00i =G2+ + G2+ 
 39  2 -0.563975 2.00-0.00i  2.00-0.00i =G2+ + G2+ 
 41  4 -0.546184 4.00+0.00i  4.00+0.00i =G2+ + G2+ + G2+ + G2+ 
 45  2  2.604712 2.00-0.00i -2.00+0.00i =G2- + G2- 
 47  4  3.379449 4.00-0.00i -4.00+0.00i =G2- + G2- + G2- + G2- 
 51  4  5.086327 4.00-0.00i  4.00-0.00i =G2+ + G2+ + G2+ + G2+ 
 55  2  5.094166 2.00+0.00i  2.00+0.00i =G2+ + G2+ 
 57  4  6.903258 4.00-0.00i  4.00-0.00i =G2+ + G2+ + G2+ + G2+ 
 61  2  6.936038 2.00+0.00i  2.00+0.00i =G2+ + G2+ 
 63  2  7.109064 2.00+0.00i  2.00+0.00i =G2+ + G2+ 
 65  4  8.786812 4.00-0.00i  4.00-0.00i =G2+ + G2+ + G2+ + G2+ 
 69  2  9.152344 2.00-0.00i -2.00+0.00i =G2- + G2- 
 71  4  9.919604 4.00-0.00i  4.00-0.00i =G2+ + G2+ + G2+ + G2+ 
 75  2  9.968062 2.00+0.00i  2.00+0.00i =G2+ + G2+ 
 77  2 10.959079 2.00-0.00i  2.00-0.00i =G2+ + G2+ 
 79  4 10.985825 4.00+0.00i  4.00+0.00i =G2+ + G2+ + G2+ + G2+ 
 83  2 11.327655 2.00-0.00i -2.00+0.00i =G2- + G2- 
 
 *****************************************************
 
 TOTAL END
